\BOOKMARK [0][-]{part.1}{第1章 準備}{}% 1
\BOOKMARK [1][-]{section.1.1}{加群}{part.1}% 2
\BOOKMARK [1][-]{section.1.2}{Noether環}{part.1}% 3
\BOOKMARK [1][-]{section.1.3}{A代数と次数付き環}{part.1}% 4
\BOOKMARK [1][-]{section.1.4}{中山の補題}{part.1}% 5
\BOOKMARK [1][-]{section.1.5}{テンソル積}{part.1}% 6
\BOOKMARK [1][-]{section.1.6}{素イデアルと局所化}{part.1}% 7
\BOOKMARK [1][-]{section.1.7}{射影,入射加群}{part.1}% 8
\BOOKMARK [1][-]{section.1.8}{環の直積}{part.1}% 9
\BOOKMARK [1][-]{section.1.9}{素イデアル避け\(Prime avoidance\)}{part.1}% 10
\BOOKMARK [0][-]{part.2}{第2章 Noether性}{}% 11
\BOOKMARK [1][-]{section.2.1}{極大条件と極小条件}{part.2}% 12
\BOOKMARK [1][-]{section.2.2}{加群の素因子}{part.2}% 13
\BOOKMARK [1][-]{section.2.3}{準素イデアル}{part.2}% 14
\BOOKMARK [1][-]{section.2.4}{Noether環続論}{part.2}% 15
\BOOKMARK [0][-]{part.3}{第3章 整拡大と次元論初歩}{}% 16
\BOOKMARK [1][-]{section.3.1}{環の拡大}{part.3}% 17
\BOOKMARK [1][-]{section.3.2}{整閉整域}{part.3}% 18
\BOOKMARK [1][-]{section.3.3}{超越次数}{part.3}% 19
\BOOKMARK [1][-]{section.3.4}{Krull次元と超越次元}{part.3}% 20
\BOOKMARK [1][-]{section.3.5}{上昇定理と下降定理}{part.3}% 21
\BOOKMARK [1][-]{section.3.6}{Noetherの正規化定理}{part.3}% 22
\BOOKMARK [1][-]{section.3.7}{Hilbertの零点定理}{part.3}% 23
\BOOKMARK [0][-]{part.4}{第4章 完備化とArtin–Reesの補題}{}% 24
\BOOKMARK [1][-]{section.4.1}{位相群}{part.4}% 25
\BOOKMARK [1][-]{section.4.2}{線形位相と代数的な完備化}{part.4}% 26
\BOOKMARK [1][-]{section.4.3}{I進位相とArtin–Reesの補題}{part.4}% 27
\BOOKMARK [1][-]{section.4.4}{Krullの定理}{part.4}% 28
\BOOKMARK [1][-]{section.4.5}{随伴次数環}{part.4}% 29
\BOOKMARK [0][-]{part.5}{第5章 局所環と次元論}{}% 30
\BOOKMARK [1][-]{section.5.1}{離散付値環}{part.5}% 31
\BOOKMARK [1][-]{section.5.2}{Dedekind整域}{part.5}% 32
\BOOKMARK [1][-]{section.5.3}{Krullの次元定理}{part.5}% 33
\BOOKMARK [1][-]{section.5.4}{Krullの次元定理の系たち}{part.5}% 34
\BOOKMARK [0][-]{part.6}{第6章 ホモロジー代数}{}% 35
\BOOKMARK [1][-]{section.6.1}{基本命題}{part.6}% 36
\BOOKMARK [1][-]{section.6.2}{複体とホモロジー,コホモロジー}{part.6}% 37
\BOOKMARK [1][-]{section.6.3}{射影分解と単射的分解}{part.6}% 38
\BOOKMARK [1][-]{section.6.4}{導来関手}{part.6}% 39
\BOOKMARK [1][-]{section.6.5}{二重複体}{part.6}% 40
\BOOKMARK [0][-]{part.7}{第7章 可換環論のホモロジー代数的手法}{}% 41
\BOOKMARK [0][-]{m@syu@part.1}{付録A 様々な例}{}% 42
\BOOKMARK [1][-]{section.8.1}{加群の同型と相等}{m@syu@part.1}% 43
\BOOKMARK [1][-]{section.8.2}{ED,PID,UFD}{m@syu@part.1}% 44
\BOOKMARK [1][-]{section.8.3}{次元論}{m@syu@part.1}% 45
\BOOKMARK [0][-]{m@syu@part.2}{付録B 圏}{}% 46
\BOOKMARK [1][-]{section.9.1}{圏}{m@syu@part.2}% 47
\BOOKMARK [1][-]{section.9.2}{関手}{m@syu@part.2}% 48
\BOOKMARK [1][-]{section.9.3}{Abel圏}{m@syu@part.2}% 49
\BOOKMARK [1][-]{section.9.4}{射影極限,帰納極限}{m@syu@part.2}% 50
\BOOKMARK [0][-]{Item.541}{索引}{}% 51
\BOOKMARK [0][-]{section*.2}{参考文献}{}% 52
